Info: Starting: Create simulation model
Info: qsys-generate /home/sabrina/GitHub/Keypad_Embarcados/IPBlinkLed_copy/niosHello.qsys --simulation=VHDL --allow-mixed-language-simulation --output-directory=/home/sabrina/GitHub/Keypad_Embarcados/IPBlinkLed_copy/niosHello/simulation --family="Cyclone V" --part=5CSEBA6U23I7
Progress: Loading IPBlinkLed_copy/niosHello.qsys
Progress: Reading input file
Progress: Adding clk_0 [clock_source 18.0]
Progress: Parameterizing module clk_0
Progress: Adding jtag_uart_0 [altera_avalon_jtag_uart 18.0]
Progress: Parameterizing module jtag_uart_0
Progress: Adding keypad_0 [keypad 0.1]
Progress: Parameterizing module keypad_0
Progress: Adding keypad_1 [keypad 0.1]
Progress: Parameterizing module keypad_1
Progress: Adding nios2_gen2_0 [altera_nios2_gen2 18.0]
Progress: Parameterizing module nios2_gen2_0
Progress: Adding onchip_memory2_0 [altera_avalon_onchip_memory2 18.0]
Progress: Parameterizing module onchip_memory2_0
Progress: Adding peripheral_LED_0 [peripheral_LED 0.1]
Progress: Parameterizing module peripheral_LED_0
Progress: Adding pio_1 [altera_avalon_pio 18.0]
Progress: Parameterizing module pio_1
Progress: Adding program_memory [altera_avalon_onchip_memory2 18.0]
Progress: Parameterizing module program_memory
Progress: Adding timer_0 [altera_avalon_timer 18.0]
Progress: Parameterizing module timer_0
Progress: Building connections
Progress: Parameterizing connections
Progress: Validating
Progress: Done reading input file
Info: niosHello.jtag_uart_0: JTAG UART IP input clock need to be at least double (2x) the operating frequency of JTAG TCK on board
Info: niosHello.pio_1: PIO inputs are not hardwired in test bench. Undefined values will be read from PIO inputs during simulation.
Info: niosHello: Generating niosHello "niosHello" for SIM_VHDL
Info: jtag_uart_0: Starting RTL generation for module 'niosHello_jtag_uart_0'
Info: jtag_uart_0:   Generation command is [exec /home/sabrina/intelFPGA_lite/18.0/quartus/linux64/perl/bin/perl -I /home/sabrina/intelFPGA_lite/18.0/quartus/linux64/perl/lib -I /home/sabrina/intelFPGA_lite/18.0/quartus/sopc_builder/bin/europa -I /home/sabrina/intelFPGA_lite/18.0/quartus/sopc_builder/bin/perl_lib -I /home/sabrina/intelFPGA_lite/18.0/quartus/sopc_builder/bin -I /home/sabrina/intelFPGA_lite/18.0/quartus/../ip/altera/sopc_builder_ip/common -I /home/sabrina/intelFPGA_lite/18.0/quartus/../ip/altera/sopc_builder_ip/altera_avalon_jtag_uart -- /home/sabrina/intelFPGA_lite/18.0/quartus/../ip/altera/sopc_builder_ip/altera_avalon_jtag_uart/generate_rtl.pl --name=niosHello_jtag_uart_0 --dir=/tmp/alt7814_4583068363227087561.dir/0055_jtag_uart_0_gen/ --quartus_dir=/home/sabrina/intelFPGA_lite/18.0/quartus --vhdl --config=/tmp/alt7814_4583068363227087561.dir/0055_jtag_uart_0_gen//niosHello_jtag_uart_0_component_configuration.pl  --do_build_sim=1    --sim_dir=/tmp/alt7814_4583068363227087561.dir/0055_jtag_uart_0_gen/  ]
Info: jtag_uart_0: Done RTL generation for module 'niosHello_jtag_uart_0'
Info: jtag_uart_0: "niosHello" instantiated altera_avalon_jtag_uart "jtag_uart_0"
Info: keypad_0: "niosHello" instantiated keypad "keypad_0"
Info: nios2_gen2_0: "niosHello" instantiated altera_nios2_gen2 "nios2_gen2_0"
Info: onchip_memory2_0: Starting RTL generation for module 'niosHello_onchip_memory2_0'
Info: onchip_memory2_0:   Generation command is [exec /home/sabrina/intelFPGA_lite/18.0/quartus/linux64/perl/bin/perl -I /home/sabrina/intelFPGA_lite/18.0/quartus/linux64/perl/lib -I /home/sabrina/intelFPGA_lite/18.0/quartus/sopc_builder/bin/europa -I /home/sabrina/intelFPGA_lite/18.0/quartus/sopc_builder/bin/perl_lib -I /home/sabrina/intelFPGA_lite/18.0/quartus/sopc_builder/bin -I /home/sabrina/intelFPGA_lite/18.0/quartus/../ip/altera/sopc_builder_ip/common -I /home/sabrina/intelFPGA_lite/18.0/quartus/../ip/altera/sopc_builder_ip/altera_avalon_onchip_memory2 -- /home/sabrina/intelFPGA_lite/18.0/quartus/../ip/altera/sopc_builder_ip/altera_avalon_onchip_memory2/generate_rtl.pl --name=niosHello_onchip_memory2_0 --dir=/tmp/alt7814_4583068363227087561.dir/0057_onchip_memory2_0_gen/ --quartus_dir=/home/sabrina/intelFPGA_lite/18.0/quartus --vhdl --config=/tmp/alt7814_4583068363227087561.dir/0057_onchip_memory2_0_gen//niosHello_onchip_memory2_0_component_configuration.pl  --do_build_sim=1    --sim_dir=/tmp/alt7814_4583068363227087561.dir/0057_onchip_memory2_0_gen/  ]
Info: onchip_memory2_0: Done RTL generation for module 'niosHello_onchip_memory2_0'
Info: onchip_memory2_0: "niosHello" instantiated altera_avalon_onchip_memory2 "onchip_memory2_0"
Info: pio_1: Starting RTL generation for module 'niosHello_pio_1'
Info: pio_1:   Generation command is [exec /home/sabrina/intelFPGA_lite/18.0/quartus/linux64/perl/bin/perl -I /home/sabrina/intelFPGA_lite/18.0/quartus/linux64/perl/lib -I /home/sabrina/intelFPGA_lite/18.0/quartus/sopc_builder/bin/europa -I /home/sabrina/intelFPGA_lite/18.0/quartus/sopc_builder/bin/perl_lib -I /home/sabrina/intelFPGA_lite/18.0/quartus/sopc_builder/bin -I /home/sabrina/intelFPGA_lite/18.0/quartus/../ip/altera/sopc_builder_ip/common -I /home/sabrina/intelFPGA_lite/18.0/quartus/../ip/altera/sopc_builder_ip/altera_avalon_pio -- /home/sabrina/intelFPGA_lite/18.0/quartus/../ip/altera/sopc_builder_ip/altera_avalon_pio/generate_rtl.pl --name=niosHello_pio_1 --dir=/tmp/alt7814_4583068363227087561.dir/0058_pio_1_gen/ --quartus_dir=/home/sabrina/intelFPGA_lite/18.0/quartus --vhdl --config=/tmp/alt7814_4583068363227087561.dir/0058_pio_1_gen//niosHello_pio_1_component_configuration.pl  --do_build_sim=1    --sim_dir=/tmp/alt7814_4583068363227087561.dir/0058_pio_1_gen/  ]
Info: pio_1: Done RTL generation for module 'niosHello_pio_1'
Info: pio_1: "niosHello" instantiated altera_avalon_pio "pio_1"
Info: program_memory: Starting RTL generation for module 'niosHello_program_memory'
Info: program_memory:   Generation command is [exec /home/sabrina/intelFPGA_lite/18.0/quartus/linux64/perl/bin/perl -I /home/sabrina/intelFPGA_lite/18.0/quartus/linux64/perl/lib -I /home/sabrina/intelFPGA_lite/18.0/quartus/sopc_builder/bin/europa -I /home/sabrina/intelFPGA_lite/18.0/quartus/sopc_builder/bin/perl_lib -I /home/sabrina/intelFPGA_lite/18.0/quartus/sopc_builder/bin -I /home/sabrina/intelFPGA_lite/18.0/quartus/../ip/altera/sopc_builder_ip/common -I /home/sabrina/intelFPGA_lite/18.0/quartus/../ip/altera/sopc_builder_ip/altera_avalon_onchip_memory2 -- /home/sabrina/intelFPGA_lite/18.0/quartus/../ip/altera/sopc_builder_ip/altera_avalon_onchip_memory2/generate_rtl.pl --name=niosHello_program_memory --dir=/tmp/alt7814_4583068363227087561.dir/0059_program_memory_gen/ --quartus_dir=/home/sabrina/intelFPGA_lite/18.0/quartus --vhdl --config=/tmp/alt7814_4583068363227087561.dir/0059_program_memory_gen//niosHello_program_memory_component_configuration.pl  --do_build_sim=1    --sim_dir=/tmp/alt7814_4583068363227087561.dir/0059_program_memory_gen/  ]
Info: program_memory: Done RTL generation for module 'niosHello_program_memory'
Info: program_memory: "niosHello" instantiated altera_avalon_onchip_memory2 "program_memory"
Info: timer_0: Starting RTL generation for module 'niosHello_timer_0'
Info: timer_0:   Generation command is [exec /home/sabrina/intelFPGA_lite/18.0/quartus/linux64//perl/bin/perl -I /home/sabrina/intelFPGA_lite/18.0/quartus/linux64//perl/lib -I /home/sabrina/intelFPGA_lite/18.0/quartus/sopc_builder/bin/europa -I /home/sabrina/intelFPGA_lite/18.0/quartus/sopc_builder/bin/perl_lib -I /home/sabrina/intelFPGA_lite/18.0/quartus/sopc_builder/bin -I /home/sabrina/intelFPGA_lite/18.0/quartus/../ip/altera/sopc_builder_ip/common -I /home/sabrina/intelFPGA_lite/18.0/quartus/../ip/altera/sopc_builder_ip/altera_avalon_timer -- /home/sabrina/intelFPGA_lite/18.0/quartus/../ip/altera/sopc_builder_ip/altera_avalon_timer/generate_rtl.pl --name=niosHello_timer_0 --dir=/tmp/alt7814_4583068363227087561.dir/0060_timer_0_gen/ --quartus_dir=/home/sabrina/intelFPGA_lite/18.0/quartus --vhdl --config=/tmp/alt7814_4583068363227087561.dir/0060_timer_0_gen//niosHello_timer_0_component_configuration.pl  --do_build_sim=1    --sim_dir=/tmp/alt7814_4583068363227087561.dir/0060_timer_0_gen/  ]
Info: timer_0: Done RTL generation for module 'niosHello_timer_0'
Info: timer_0: "niosHello" instantiated altera_avalon_timer "timer_0"
Info: avalon_st_adapter: Inserting error_adapter: error_adapter_0
Info: avalon_st_adapter_001: Inserting error_adapter: error_adapter_0
Info: avalon_st_adapter_002: Inserting error_adapter: error_adapter_0
Info: avalon_st_adapter_003: Inserting error_adapter: error_adapter_0
Info: avalon_st_adapter_004: Inserting error_adapter: error_adapter_0
Info: avalon_st_adapter_005: Inserting error_adapter: error_adapter_0
Info: avalon_st_adapter_006: Inserting error_adapter: error_adapter_0
Info: mm_interconnect_0: "niosHello" instantiated altera_mm_interconnect "mm_interconnect_0"
Info: irq_mapper: "niosHello" instantiated altera_irq_mapper "irq_mapper"
Info: rst_controller: "niosHello" instantiated altera_reset_controller "rst_controller"
Info: cpu: Starting RTL generation for module 'niosHello_nios2_gen2_0_cpu'
Info: cpu:   Generation command is [exec /home/sabrina/intelFPGA_lite/18.0/quartus/linux64//eperlcmd -I /home/sabrina/intelFPGA_lite/18.0/quartus/linux64//perl/lib -I /home/sabrina/intelFPGA_lite/18.0/quartus/sopc_builder/bin/europa -I /home/sabrina/intelFPGA_lite/18.0/quartus/sopc_builder/bin/perl_lib -I /home/sabrina/intelFPGA_lite/18.0/quartus/sopc_builder/bin -I /home/sabrina/intelFPGA_lite/18.0/quartus/../ip/altera/nios2_ip/altera_nios2_gen2/cpu_lib -I /home/sabrina/intelFPGA_lite/18.0/quartus/../ip/altera/nios2_ip/altera_nios2_gen2/nios_lib -I /home/sabrina/intelFPGA_lite/18.0/quartus/../ip/altera/nios2_ip/altera_nios2_gen2 -I /home/sabrina/intelFPGA_lite/18.0/quartus/../ip/altera/nios2_ip/altera_nios2_gen2 -- /home/sabrina/intelFPGA_lite/18.0/quartus/../ip/altera/nios2_ip/altera_nios2_gen2/generate_rtl.epl --name=niosHello_nios2_gen2_0_cpu --dir=/tmp/alt7814_4583068363227087561.dir/0063_cpu_gen/ --quartus_bindir=/home/sabrina/intelFPGA_lite/18.0/quartus/linux64/ --verilog --config=/tmp/alt7814_4583068363227087561.dir/0063_cpu_gen//niosHello_nios2_gen2_0_cpu_processor_configuration.pl  --do_build_sim=1    --sim_dir=/tmp/alt7814_4583068363227087561.dir/0063_cpu_gen/  ]
Info: cpu: # 2018.10.10 20:00:31 (*) Starting Nios II generation
Info: cpu: # 2018.10.10 20:00:31 (*)   Checking for plaintext license.
Info: cpu: # 2018.10.10 20:00:32 (*)   Plaintext license not found.
Info: cpu: # 2018.10.10 20:00:32 (*)   No license required to generate encrypted Nios II/e.
Info: cpu: # 2018.10.10 20:00:32 (*)   Elaborating CPU configuration settings
Info: cpu: # 2018.10.10 20:00:32 (*)   Creating all objects for CPU
Info: cpu: # 2018.10.10 20:00:33 (*)   Creating '/tmp/alt7814_4583068363227087561.dir/0063_cpu_gen//niosHello_nios2_gen2_0_cpu_nios2_waves.do'
Info: cpu: # 2018.10.10 20:00:33 (*)   Generating RTL from CPU objects
Info: cpu: # 2018.10.10 20:00:33 (*)   Creating plain-text RTL
Info: cpu: # 2018.10.10 20:00:34 (*) Done Nios II generation
Info: cpu: Done RTL generation for module 'niosHello_nios2_gen2_0_cpu'
Info: cpu: "nios2_gen2_0" instantiated altera_nios2_gen2_unit "cpu"
Info: nios2_gen2_0_data_master_translator: "mm_interconnect_0" instantiated altera_merlin_master_translator "nios2_gen2_0_data_master_translator"
Info: jtag_uart_0_avalon_jtag_slave_translator: "mm_interconnect_0" instantiated altera_merlin_slave_translator "jtag_uart_0_avalon_jtag_slave_translator"
Info: nios2_gen2_0_data_master_agent: "mm_interconnect_0" instantiated altera_merlin_master_agent "nios2_gen2_0_data_master_agent"
Info: jtag_uart_0_avalon_jtag_slave_agent: "mm_interconnect_0" instantiated altera_merlin_slave_agent "jtag_uart_0_avalon_jtag_slave_agent"
Info: jtag_uart_0_avalon_jtag_slave_agent_rsp_fifo: "mm_interconnect_0" instantiated altera_avalon_sc_fifo "jtag_uart_0_avalon_jtag_slave_agent_rsp_fifo"
Info: router: "mm_interconnect_0" instantiated altera_merlin_router "router"
Info: router_001: "mm_interconnect_0" instantiated altera_merlin_router "router_001"
Info: router_002: "mm_interconnect_0" instantiated altera_merlin_router "router_002"
Info: router_004: "mm_interconnect_0" instantiated altera_merlin_router "router_004"
Info: cmd_demux: "mm_interconnect_0" instantiated altera_merlin_demultiplexer "cmd_demux"
Info: cmd_demux_001: "mm_interconnect_0" instantiated altera_merlin_demultiplexer "cmd_demux_001"
Info: cmd_mux: "mm_interconnect_0" instantiated altera_merlin_multiplexer "cmd_mux"
Info: cmd_mux_002: "mm_interconnect_0" instantiated altera_merlin_multiplexer "cmd_mux_002"
Info: Reusing file /home/sabrina/GitHub/Keypad_Embarcados/IPBlinkLed_copy/niosHello/simulation/submodules/altera_merlin_arbitrator.sv
Info: rsp_demux: "mm_interconnect_0" instantiated altera_merlin_demultiplexer "rsp_demux"
Info: rsp_mux: "mm_interconnect_0" instantiated altera_merlin_multiplexer "rsp_mux"
Info: Reusing file /home/sabrina/GitHub/Keypad_Embarcados/IPBlinkLed_copy/niosHello/simulation/submodules/altera_merlin_arbitrator.sv
Info: rsp_mux_001: "mm_interconnect_0" instantiated altera_merlin_multiplexer "rsp_mux_001"
Info: Reusing file /home/sabrina/GitHub/Keypad_Embarcados/IPBlinkLed_copy/niosHello/simulation/submodules/altera_merlin_arbitrator.sv
Info: avalon_st_adapter: "mm_interconnect_0" instantiated altera_avalon_st_adapter "avalon_st_adapter"
Info: error_adapter_0: "avalon_st_adapter" instantiated error_adapter "error_adapter_0"
Info: niosHello: Done "niosHello" with 30 modules, 53 files
Info: qsys-generate succeeded.
Info: Finished: Create simulation model
Info: Starting: Create Modelsim Project.
Info: sim-script-gen --spd=/home/sabrina/GitHub/Keypad_Embarcados/IPBlinkLed_copy/niosHello/niosHello.spd --output-directory=/home/sabrina/GitHub/Keypad_Embarcados/IPBlinkLed_copy/niosHello/simulation/ --use-relative-paths=true
Info: Doing: ip-make-simscript --spd=/home/sabrina/GitHub/Keypad_Embarcados/IPBlinkLed_copy/niosHello/niosHello.spd --output-directory=/home/sabrina/GitHub/Keypad_Embarcados/IPBlinkLed_copy/niosHello/simulation/ --use-relative-paths=true
Info: Generating the following file(s) for MODELSIM simulator in /home/sabrina/GitHub/Keypad_Embarcados/IPBlinkLed_copy/niosHello/simulation/ directory:
Info: 	mentor/msim_setup.tcl
Info: Skipping VCS script generation since VHDL file $QUARTUS_INSTALL_DIR/eda/sim_lib/altera_syn_attributes.vhd is required for simulation
Info: Generating the following file(s) for VCSMX simulator in /home/sabrina/GitHub/Keypad_Embarcados/IPBlinkLed_copy/niosHello/simulation/ directory:
Info: 	synopsys/vcsmx/synopsys_sim.setup
Info: 	synopsys/vcsmx/vcsmx_setup.sh
Info: Generating the following file(s) for NCSIM simulator in /home/sabrina/GitHub/Keypad_Embarcados/IPBlinkLed_copy/niosHello/simulation/ directory:
Info: 	cadence/cds.lib
Info: 	cadence/hdl.var
Info: 	cadence/ncsim_setup.sh
Info: 	29 .cds.lib files in cadence/cds_libs/ directory
Info: Generating the following file(s) for RIVIERA simulator in /home/sabrina/GitHub/Keypad_Embarcados/IPBlinkLed_copy/niosHello/simulation/ directory:
Info: 	aldec/rivierapro_setup.tcl
Info: For information on how to simulate your IP, see the explanatory comments in the simulator-specific subdirectories under /home/sabrina/GitHub/Keypad_Embarcados/IPBlinkLed_copy/niosHello/simulation/.
Info: Regenerate these scripts whenever you make any change to any Quartus-generated IP in your project.
Info: Finished: Create Modelsim Project.
Info: 
Info: Starting: Create HDL design files for synthesis
Info: qsys-generate /home/sabrina/GitHub/Keypad_Embarcados/IPBlinkLed_copy/niosHello.qsys --synthesis=VERILOG --output-directory=/home/sabrina/GitHub/Keypad_Embarcados/IPBlinkLed_copy/niosHello/synthesis --family="Cyclone V" --part=5CSEBA6U23I7
Progress: Loading IPBlinkLed_copy/niosHello.qsys
Progress: Reading input file
Progress: Adding clk_0 [clock_source 18.0]
Progress: Parameterizing module clk_0
Progress: Adding jtag_uart_0 [altera_avalon_jtag_uart 18.0]
Progress: Parameterizing module jtag_uart_0
Progress: Adding keypad_0 [keypad 0.1]
Progress: Parameterizing module keypad_0
Progress: Adding keypad_1 [keypad 0.1]
Progress: Parameterizing module keypad_1
Progress: Adding nios2_gen2_0 [altera_nios2_gen2 18.0]
Progress: Parameterizing module nios2_gen2_0
Progress: Adding onchip_memory2_0 [altera_avalon_onchip_memory2 18.0]
Progress: Parameterizing module onchip_memory2_0
Progress: Adding peripheral_LED_0 [peripheral_LED 0.1]
Progress: Parameterizing module peripheral_LED_0
Progress: Adding pio_1 [altera_avalon_pio 18.0]
Progress: Parameterizing module pio_1
Progress: Adding program_memory [altera_avalon_onchip_memory2 18.0]
Progress: Parameterizing module program_memory
Progress: Adding timer_0 [altera_avalon_timer 18.0]
Progress: Parameterizing module timer_0
Progress: Building connections
Progress: Parameterizing connections
Progress: Validating
Progress: Done reading input file
Info: niosHello.jtag_uart_0: JTAG UART IP input clock need to be at least double (2x) the operating frequency of JTAG TCK on board
Info: niosHello.pio_1: PIO inputs are not hardwired in test bench. Undefined values will be read from PIO inputs during simulation.
Info: niosHello: Generating niosHello "niosHello" for QUARTUS_SYNTH
Info: jtag_uart_0: Starting RTL generation for module 'niosHello_jtag_uart_0'
Info: jtag_uart_0:   Generation command is [exec /home/sabrina/intelFPGA_lite/18.0/quartus/linux64/perl/bin/perl -I /home/sabrina/intelFPGA_lite/18.0/quartus/linux64/perl/lib -I /home/sabrina/intelFPGA_lite/18.0/quartus/sopc_builder/bin/europa -I /home/sabrina/intelFPGA_lite/18.0/quartus/sopc_builder/bin/perl_lib -I /home/sabrina/intelFPGA_lite/18.0/quartus/sopc_builder/bin -I /home/sabrina/intelFPGA_lite/18.0/quartus/../ip/altera/sopc_builder_ip/common -I /home/sabrina/intelFPGA_lite/18.0/quartus/../ip/altera/sopc_builder_ip/altera_avalon_jtag_uart -- /home/sabrina/intelFPGA_lite/18.0/quartus/../ip/altera/sopc_builder_ip/altera_avalon_jtag_uart/generate_rtl.pl --name=niosHello_jtag_uart_0 --dir=/tmp/alt7814_4583068363227087561.dir/0082_jtag_uart_0_gen/ --quartus_dir=/home/sabrina/intelFPGA_lite/18.0/quartus --verilog --config=/tmp/alt7814_4583068363227087561.dir/0082_jtag_uart_0_gen//niosHello_jtag_uart_0_component_configuration.pl  --do_build_sim=0  ]
Info: jtag_uart_0: Done RTL generation for module 'niosHello_jtag_uart_0'
Info: jtag_uart_0: "niosHello" instantiated altera_avalon_jtag_uart "jtag_uart_0"
Info: keypad_0: "niosHello" instantiated keypad "keypad_0"
Info: nios2_gen2_0: "niosHello" instantiated altera_nios2_gen2 "nios2_gen2_0"
Info: onchip_memory2_0: Starting RTL generation for module 'niosHello_onchip_memory2_0'
Info: onchip_memory2_0:   Generation command is [exec /home/sabrina/intelFPGA_lite/18.0/quartus/linux64/perl/bin/perl -I /home/sabrina/intelFPGA_lite/18.0/quartus/linux64/perl/lib -I /home/sabrina/intelFPGA_lite/18.0/quartus/sopc_builder/bin/europa -I /home/sabrina/intelFPGA_lite/18.0/quartus/sopc_builder/bin/perl_lib -I /home/sabrina/intelFPGA_lite/18.0/quartus/sopc_builder/bin -I /home/sabrina/intelFPGA_lite/18.0/quartus/../ip/altera/sopc_builder_ip/common -I /home/sabrina/intelFPGA_lite/18.0/quartus/../ip/altera/sopc_builder_ip/altera_avalon_onchip_memory2 -- /home/sabrina/intelFPGA_lite/18.0/quartus/../ip/altera/sopc_builder_ip/altera_avalon_onchip_memory2/generate_rtl.pl --name=niosHello_onchip_memory2_0 --dir=/tmp/alt7814_4583068363227087561.dir/0084_onchip_memory2_0_gen/ --quartus_dir=/home/sabrina/intelFPGA_lite/18.0/quartus --verilog --config=/tmp/alt7814_4583068363227087561.dir/0084_onchip_memory2_0_gen//niosHello_onchip_memory2_0_component_configuration.pl  --do_build_sim=0  ]
Info: onchip_memory2_0: Done RTL generation for module 'niosHello_onchip_memory2_0'
Info: onchip_memory2_0: "niosHello" instantiated altera_avalon_onchip_memory2 "onchip_memory2_0"
Info: pio_1: Starting RTL generation for module 'niosHello_pio_1'
Info: pio_1:   Generation command is [exec /home/sabrina/intelFPGA_lite/18.0/quartus/linux64/perl/bin/perl -I /home/sabrina/intelFPGA_lite/18.0/quartus/linux64/perl/lib -I /home/sabrina/intelFPGA_lite/18.0/quartus/sopc_builder/bin/europa -I /home/sabrina/intelFPGA_lite/18.0/quartus/sopc_builder/bin/perl_lib -I /home/sabrina/intelFPGA_lite/18.0/quartus/sopc_builder/bin -I /home/sabrina/intelFPGA_lite/18.0/quartus/../ip/altera/sopc_builder_ip/common -I /home/sabrina/intelFPGA_lite/18.0/quartus/../ip/altera/sopc_builder_ip/altera_avalon_pio -- /home/sabrina/intelFPGA_lite/18.0/quartus/../ip/altera/sopc_builder_ip/altera_avalon_pio/generate_rtl.pl --name=niosHello_pio_1 --dir=/tmp/alt7814_4583068363227087561.dir/0085_pio_1_gen/ --quartus_dir=/home/sabrina/intelFPGA_lite/18.0/quartus --verilog --config=/tmp/alt7814_4583068363227087561.dir/0085_pio_1_gen//niosHello_pio_1_component_configuration.pl  --do_build_sim=0  ]
Info: pio_1: Done RTL generation for module 'niosHello_pio_1'
Info: pio_1: "niosHello" instantiated altera_avalon_pio "pio_1"
Info: program_memory: Starting RTL generation for module 'niosHello_program_memory'
Info: program_memory:   Generation command is [exec /home/sabrina/intelFPGA_lite/18.0/quartus/linux64/perl/bin/perl -I /home/sabrina/intelFPGA_lite/18.0/quartus/linux64/perl/lib -I /home/sabrina/intelFPGA_lite/18.0/quartus/sopc_builder/bin/europa -I /home/sabrina/intelFPGA_lite/18.0/quartus/sopc_builder/bin/perl_lib -I /home/sabrina/intelFPGA_lite/18.0/quartus/sopc_builder/bin -I /home/sabrina/intelFPGA_lite/18.0/quartus/../ip/altera/sopc_builder_ip/common -I /home/sabrina/intelFPGA_lite/18.0/quartus/../ip/altera/sopc_builder_ip/altera_avalon_onchip_memory2 -- /home/sabrina/intelFPGA_lite/18.0/quartus/../ip/altera/sopc_builder_ip/altera_avalon_onchip_memory2/generate_rtl.pl --name=niosHello_program_memory --dir=/tmp/alt7814_4583068363227087561.dir/0086_program_memory_gen/ --quartus_dir=/home/sabrina/intelFPGA_lite/18.0/quartus --verilog --config=/tmp/alt7814_4583068363227087561.dir/0086_program_memory_gen//niosHello_program_memory_component_configuration.pl  --do_build_sim=0  ]
Info: program_memory: Done RTL generation for module 'niosHello_program_memory'
Info: program_memory: "niosHello" instantiated altera_avalon_onchip_memory2 "program_memory"
Info: timer_0: Starting RTL generation for module 'niosHello_timer_0'
Info: timer_0:   Generation command is [exec /home/sabrina/intelFPGA_lite/18.0/quartus/linux64//perl/bin/perl -I /home/sabrina/intelFPGA_lite/18.0/quartus/linux64//perl/lib -I /home/sabrina/intelFPGA_lite/18.0/quartus/sopc_builder/bin/europa -I /home/sabrina/intelFPGA_lite/18.0/quartus/sopc_builder/bin/perl_lib -I /home/sabrina/intelFPGA_lite/18.0/quartus/sopc_builder/bin -I /home/sabrina/intelFPGA_lite/18.0/quartus/../ip/altera/sopc_builder_ip/common -I /home/sabrina/intelFPGA_lite/18.0/quartus/../ip/altera/sopc_builder_ip/altera_avalon_timer -- /home/sabrina/intelFPGA_lite/18.0/quartus/../ip/altera/sopc_builder_ip/altera_avalon_timer/generate_rtl.pl --name=niosHello_timer_0 --dir=/tmp/alt7814_4583068363227087561.dir/0087_timer_0_gen/ --quartus_dir=/home/sabrina/intelFPGA_lite/18.0/quartus --verilog --config=/tmp/alt7814_4583068363227087561.dir/0087_timer_0_gen//niosHello_timer_0_component_configuration.pl  --do_build_sim=0  ]
Info: timer_0: Done RTL generation for module 'niosHello_timer_0'
Info: timer_0: "niosHello" instantiated altera_avalon_timer "timer_0"
Info: avalon_st_adapter: Inserting error_adapter: error_adapter_0
Info: avalon_st_adapter_001: Inserting error_adapter: error_adapter_0
Info: avalon_st_adapter_002: Inserting error_adapter: error_adapter_0
Info: avalon_st_adapter_003: Inserting error_adapter: error_adapter_0
Info: avalon_st_adapter_004: Inserting error_adapter: error_adapter_0
Info: avalon_st_adapter_005: Inserting error_adapter: error_adapter_0
Info: avalon_st_adapter_006: Inserting error_adapter: error_adapter_0
Info: mm_interconnect_0: "niosHello" instantiated altera_mm_interconnect "mm_interconnect_0"
Info: irq_mapper: "niosHello" instantiated altera_irq_mapper "irq_mapper"
Info: rst_controller: "niosHello" instantiated altera_reset_controller "rst_controller"
Info: cpu: Starting RTL generation for module 'niosHello_nios2_gen2_0_cpu'
Info: cpu:   Generation command is [exec /home/sabrina/intelFPGA_lite/18.0/quartus/linux64//eperlcmd -I /home/sabrina/intelFPGA_lite/18.0/quartus/linux64//perl/lib -I /home/sabrina/intelFPGA_lite/18.0/quartus/sopc_builder/bin/europa -I /home/sabrina/intelFPGA_lite/18.0/quartus/sopc_builder/bin/perl_lib -I /home/sabrina/intelFPGA_lite/18.0/quartus/sopc_builder/bin -I /home/sabrina/intelFPGA_lite/18.0/quartus/../ip/altera/nios2_ip/altera_nios2_gen2/cpu_lib -I /home/sabrina/intelFPGA_lite/18.0/quartus/../ip/altera/nios2_ip/altera_nios2_gen2/nios_lib -I /home/sabrina/intelFPGA_lite/18.0/quartus/../ip/altera/nios2_ip/altera_nios2_gen2 -I /home/sabrina/intelFPGA_lite/18.0/quartus/../ip/altera/nios2_ip/altera_nios2_gen2 -- /home/sabrina/intelFPGA_lite/18.0/quartus/../ip/altera/nios2_ip/altera_nios2_gen2/generate_rtl.epl --name=niosHello_nios2_gen2_0_cpu --dir=/tmp/alt7814_4583068363227087561.dir/0090_cpu_gen/ --quartus_bindir=/home/sabrina/intelFPGA_lite/18.0/quartus/linux64/ --verilog --config=/tmp/alt7814_4583068363227087561.dir/0090_cpu_gen//niosHello_nios2_gen2_0_cpu_processor_configuration.pl  --do_build_sim=0  ]
Info: cpu: # 2018.10.10 20:00:41 (*) Starting Nios II generation
Info: cpu: # 2018.10.10 20:00:41 (*)   Checking for plaintext license.
Info: cpu: # 2018.10.10 20:00:42 (*)   Plaintext license not found.
Info: cpu: # 2018.10.10 20:00:42 (*)   No license required to generate encrypted Nios II/e.
Info: cpu: # 2018.10.10 20:00:42 (*)   Elaborating CPU configuration settings
Info: cpu: # 2018.10.10 20:00:42 (*)   Creating all objects for CPU
Info: cpu: # 2018.10.10 20:00:43 (*)   Generating RTL from CPU objects
Info: cpu: # 2018.10.10 20:00:43 (*)   Creating plain-text RTL
Info: cpu: # 2018.10.10 20:00:43 (*) Done Nios II generation
Info: cpu: Done RTL generation for module 'niosHello_nios2_gen2_0_cpu'
Info: cpu: "nios2_gen2_0" instantiated altera_nios2_gen2_unit "cpu"
Info: nios2_gen2_0_data_master_translator: "mm_interconnect_0" instantiated altera_merlin_master_translator "nios2_gen2_0_data_master_translator"
Info: jtag_uart_0_avalon_jtag_slave_translator: "mm_interconnect_0" instantiated altera_merlin_slave_translator "jtag_uart_0_avalon_jtag_slave_translator"
Info: nios2_gen2_0_data_master_agent: "mm_interconnect_0" instantiated altera_merlin_master_agent "nios2_gen2_0_data_master_agent"
Info: jtag_uart_0_avalon_jtag_slave_agent: "mm_interconnect_0" instantiated altera_merlin_slave_agent "jtag_uart_0_avalon_jtag_slave_agent"
Info: jtag_uart_0_avalon_jtag_slave_agent_rsp_fifo: "mm_interconnect_0" instantiated altera_avalon_sc_fifo "jtag_uart_0_avalon_jtag_slave_agent_rsp_fifo"
Info: router: "mm_interconnect_0" instantiated altera_merlin_router "router"
Info: router_001: "mm_interconnect_0" instantiated altera_merlin_router "router_001"
Info: router_002: "mm_interconnect_0" instantiated altera_merlin_router "router_002"
Info: router_004: "mm_interconnect_0" instantiated altera_merlin_router "router_004"
Info: cmd_demux: "mm_interconnect_0" instantiated altera_merlin_demultiplexer "cmd_demux"
Info: cmd_demux_001: "mm_interconnect_0" instantiated altera_merlin_demultiplexer "cmd_demux_001"
Info: cmd_mux: "mm_interconnect_0" instantiated altera_merlin_multiplexer "cmd_mux"
Info: cmd_mux_002: "mm_interconnect_0" instantiated altera_merlin_multiplexer "cmd_mux_002"
Info: Reusing file /home/sabrina/GitHub/Keypad_Embarcados/IPBlinkLed_copy/niosHello/synthesis/submodules/altera_merlin_arbitrator.sv
Info: rsp_demux: "mm_interconnect_0" instantiated altera_merlin_demultiplexer "rsp_demux"
Info: rsp_mux: "mm_interconnect_0" instantiated altera_merlin_multiplexer "rsp_mux"
Info: Reusing file /home/sabrina/GitHub/Keypad_Embarcados/IPBlinkLed_copy/niosHello/synthesis/submodules/altera_merlin_arbitrator.sv
Info: rsp_mux_001: "mm_interconnect_0" instantiated altera_merlin_multiplexer "rsp_mux_001"
Info: Reusing file /home/sabrina/GitHub/Keypad_Embarcados/IPBlinkLed_copy/niosHello/synthesis/submodules/altera_merlin_arbitrator.sv
Info: avalon_st_adapter: "mm_interconnect_0" instantiated altera_avalon_st_adapter "avalon_st_adapter"
Info: error_adapter_0: "avalon_st_adapter" instantiated error_adapter "error_adapter_0"
Info: niosHello: Done "niosHello" with 30 modules, 44 files
Info: qsys-generate succeeded.
Info: Finished: Create HDL design files for synthesis
